Running: /opt/Xilinx/14.7/ISE_DS/ISE/bin/lin64/unwrapped/fuse -intstyle ise -incremental -lib secureip -o /home/ise/Downloads/digital/mux8x1/mux8x1_isim_beh.exe -prj /home/ise/Downloads/digital/mux8x1/mux8x1_beh.prj work.mux8x1 
ISim P.20131013 (signature 0xfbc00daa)
Number of CPUs detected in this system: 4
Turning on mult-threading, number of parallel sub-compilation jobs: 8 
Determining compilation order of HDL files
Parsing VHDL file "/home/ise/Downloads/digital/mux8x1/mux8bit2x1.vhd" into library work
Parsing VHDL file "/home/ise/Downloads/digital/mux8x1/mux4x1generi.vhd" into library work
Parsing VHDL file "/home/ise/Downloads/digital/mux8x1/mux8x1.vhd" into library work
Starting static elaboration
Completed static elaboration
Fuse Memory Usage: 95300 KB
Fuse CPU Usage: 700 ms
Compiling package standard
Compiling package std_logic_1164
Compiling architecture behavioral of entity mux8bit2x1 [\mux8bit2x1(8)\]
Compiling architecture behavioral of entity mux4x1 [\mux4x1(8)\]
Compiling architecture behavioral of entity mux8x1
Time Resolution for simulation is 1ps.
Waiting for 1 sub-compilation(s) to finish...
Compiled 7 VHDL Units
Built simulation executable /home/ise/Downloads/digital/mux8x1/mux8x1_isim_beh.exe
Fuse Memory Usage: 659032 KB
Fuse CPU Usage: 1030 ms
GCC CPU Usage: 1140 ms
